mode: set
travel-routes/src/repositories/flights.go:22.68,26.16 3 1
travel-routes/src/repositories/flights.go:32.2,32.25 1 1
travel-routes/src/repositories/flights.go:26.16,30.3 3 0
travel-routes/src/repositories/flights.go:35.50,38.16 2 1
travel-routes/src/repositories/flights.go:45.2,49.6 3 1
travel-routes/src/repositories/flights.go:72.2,72.12 1 1
travel-routes/src/repositories/flights.go:38.16,39.25 1 0
travel-routes/src/repositories/flights.go:43.3,43.13 1 0
travel-routes/src/repositories/flights.go:39.25,42.4 2 0
travel-routes/src/repositories/flights.go:49.6,51.17 2 1
travel-routes/src/repositories/flights.go:58.3,65.43 3 1
travel-routes/src/repositories/flights.go:69.3,69.40 1 1
travel-routes/src/repositories/flights.go:51.17,52.21 1 1
travel-routes/src/repositories/flights.go:55.4,55.14 1 0
travel-routes/src/repositories/flights.go:52.21,53.10 1 1
travel-routes/src/repositories/flights.go:65.43,67.4 1 0
travel-routes/src/repositories/flights.go:76.71,80.73 2 1
travel-routes/src/repositories/flights.go:84.2,85.16 2 1
travel-routes/src/repositories/flights.go:90.2,90.111 1 1
travel-routes/src/repositories/flights.go:94.2,96.12 2 1
travel-routes/src/repositories/flights.go:80.73,82.3 1 1
travel-routes/src/repositories/flights.go:85.16,88.3 2 0
travel-routes/src/repositories/flights.go:90.111,93.3 2 0
travel-routes/src/repositories/flights.go:100.69,101.30 1 1
travel-routes/src/repositories/flights.go:106.2,106.14 1 1
travel-routes/src/repositories/flights.go:101.30,102.49 1 1
travel-routes/src/repositories/flights.go:102.49,104.4 1 1
travel-routes/src/repositories/flights.go:110.67,112.2 1 1
travel-routes/src/exceptions/exceptions.go:10.46,11.23 1 1
travel-routes/src/exceptions/exceptions.go:15.2,15.12 1 1
travel-routes/src/exceptions/exceptions.go:11.23,13.3 1 1
travel-routes/src/exceptions/exceptions.go:19.43,20.32 1 1
travel-routes/src/exceptions/exceptions.go:24.2,24.12 1 1
travel-routes/src/exceptions/exceptions.go:20.32,22.3 1 1
travel-routes/src/exceptions/exceptions.go:28.40,29.16 1 1
travel-routes/src/exceptions/exceptions.go:33.2,33.12 1 1
travel-routes/src/exceptions/exceptions.go:29.16,31.3 1 1
travel-routes/src/exceptions/exceptions.go:37.42,39.2 1 1
travel-routes/src/exceptions/exceptions.go:42.29,44.2 1 1
travel-routes/src/utils/utils.go:6.56,8.2 1 1
travel-routes/src/models/Flight.go:38.67,45.2 4 1
travel-routes/src/models/Flight.go:47.37,50.37 2 1
travel-routes/src/models/Flight.go:50.37,52.3 1 1
travel-routes/src/models/Flight.go:56.43,58.12 2 1
travel-routes/src/models/Flight.go:63.2,63.34 1 1
travel-routes/src/models/Flight.go:58.12,61.3 2 1
travel-routes/src/models/Flight.go:67.59,70.42 2 1
travel-routes/src/models/Flight.go:74.2,74.38 1 1
travel-routes/src/models/Flight.go:78.2,78.58 1 1
travel-routes/src/models/Flight.go:84.2,84.12 1 0
travel-routes/src/models/Flight.go:70.42,72.3 1 1
travel-routes/src/models/Flight.go:74.38,76.3 1 1
travel-routes/src/models/Flight.go:78.58,80.3 1 1
travel-routes/src/models/Flight.go:88.55,90.2 1 1
travel-routes/src/models/Flight.go:93.76,95.2 1 1
travel-routes/src/models/Flight.go:98.34,100.61 1 1
travel-routes/src/models/Flight.go:104.2,104.59 1 1
travel-routes/src/models/Flight.go:108.2,108.61 1 1
travel-routes/src/models/Flight.go:112.2,112.12 1 1
travel-routes/src/models/Flight.go:100.61,102.3 1 1
travel-routes/src/models/Flight.go:104.59,106.3 1 1
travel-routes/src/models/Flight.go:108.61,110.3 1 1
travel-routes/src/models/Route.go:24.73,29.42 3 1
travel-routes/src/models/Route.go:33.2,34.36 2 1
travel-routes/src/models/Route.go:41.2,42.63 2 1
travel-routes/src/models/Route.go:48.2,52.29 4 1
travel-routes/src/models/Route.go:63.2,63.17 1 1
travel-routes/src/models/Route.go:76.2,76.50 1 1
travel-routes/src/models/Route.go:80.2,80.100 1 1
travel-routes/src/models/Route.go:29.42,31.3 1 1
travel-routes/src/models/Route.go:34.36,36.43 2 1
travel-routes/src/models/Route.go:36.43,38.4 1 1
travel-routes/src/models/Route.go:42.63,43.46 1 1
travel-routes/src/models/Route.go:43.46,45.4 1 1
travel-routes/src/models/Route.go:52.29,55.26 2 1
travel-routes/src/models/Route.go:60.3,60.27 1 1
travel-routes/src/models/Route.go:55.26,58.4 2 1
travel-routes/src/models/Route.go:63.17,67.40 3 1
travel-routes/src/models/Route.go:73.3,73.60 1 1
travel-routes/src/models/Route.go:67.40,68.96 1 1
travel-routes/src/models/Route.go:68.96,71.5 2 1
travel-routes/src/models/Route.go:76.50,78.3 1 1
travel-routes/src/models/Route.go:83.74,84.33 1 1
travel-routes/src/models/Route.go:90.2,90.14 1 1
travel-routes/src/models/Route.go:84.33,85.23 1 1
travel-routes/src/models/Route.go:85.23,87.4 1 1
travel-routes/src/models/Route.go:93.88,95.2 1 1
travel-routes/src/models/Route.go:97.103,102.24 3 1
travel-routes/src/models/Route.go:107.2,109.41 2 1
travel-routes/src/models/Route.go:102.24,105.3 2 1
travel-routes/src/models/Route.go:112.64,115.31 3 1
travel-routes/src/models/Route.go:122.2,122.13 1 1
travel-routes/src/models/Route.go:115.31,116.42 1 1
travel-routes/src/models/Route.go:116.42,119.4 2 1
travel-routes/src/models/Route.go:125.85,130.36 4 1
travel-routes/src/models/Route.go:138.2,138.34 1 1
travel-routes/src/models/Route.go:130.36,131.50 1 1
travel-routes/src/models/Route.go:131.50,135.4 3 1
travel-routes/src/models/Route.go:141.57,144.45 2 1
travel-routes/src/models/Route.go:148.2,148.19 1 1
travel-routes/src/models/Route.go:144.45,146.3 1 1
